  AR.cpp
AR.cpp(30): error C3083: aruco: символ слева от "::" должен представлять тип
AR.cpp(30): error C2039: Dictionary: не является членом "cv"
  D:\openCV\opencv\build\include\opencv2\highgui.hpp(175): note:  см. объявление "cv"
AR.cpp(30): error C2065: Dictionary: необъявленный идентификатор
AR.cpp(30): error C2923: cv::Ptr: "Dictionary" не является допустимым аргументом типа шаблон для параметра "T"
AR.cpp(30): error C2039: getPredefinedDictionary: не является членом "cv"
  D:\openCV\opencv\build\include\opencv2\highgui.hpp(175): note:  см. объявление "cv"
AR.cpp(30): error C2039: DICT_6X6_250: не является членом "cv"
  D:\openCV\opencv\build\include\opencv2\highgui.hpp(175): note:  см. объявление "cv"
AR.cpp(30): error C2065: DICT_6X6_250: необъявленный идентификатор
AR.cpp(30): error C3861: getPredefinedDictionary: идентификатор не найден
AR.cpp(30): error C2514: cv::Ptr: не имеет конструкторов
  D:\openCV\opencv\build\include\opencv2/core/cvstd.hpp(262): note:  см. объявление "cv::Ptr"
AR.cpp(31): error C3083: aruco: символ слева от "::" должен представлять тип
AR.cpp(31): error C2039: drawMarker: не является членом "cv"
  D:\openCV\opencv\build\include\opencv2\highgui.hpp(175): note:  см. объявление "cv"
AR.cpp(31): error C3861: drawMarker: идентификатор не найден
